tcp_lat:
    latency   =  11.1 us
    msg_size  =     1 bytes
    time      =     2 sec
    timeout   =     5 sec
tcp_lat:
    latency   =  15.2 us
    msg_size  =     2 bytes
    time      =     2 sec
    timeout   =     5 sec
tcp_lat:
    latency   =  13.4 us
    msg_size  =     4 bytes
    time      =     2 sec
    timeout   =     5 sec
tcp_lat:
    latency   =  11.6 us
    msg_size  =     8 bytes
    time      =     2 sec
    timeout   =     5 sec
tcp_lat:
    latency   =  11.2 us
    msg_size  =    16 bytes
    time      =     2 sec
    timeout   =     5 sec
tcp_lat:
    latency   =  13.1 us
    msg_size  =    32 bytes
    time      =     2 sec
    timeout   =     5 sec
tcp_lat:
    latency   =  15 us
    msg_size  =  64 bytes
    time      =   2 sec
    timeout   =   5 sec
tcp_lat:
    latency   =  13.2 us
    msg_size  =   128 bytes
    time      =     2 sec
    timeout   =     5 sec
tcp_lat:
    latency   =  14.2 us
    msg_size  =   256 bytes
    time      =     2 sec
    timeout   =     5 sec
tcp_lat:
    latency   =  17.7 us
    msg_size  =   512 bytes
    time      =     2 sec
    timeout   =     5 sec
tcp_lat:
    latency   =  22.6 us
    msg_size  =     1 KiB (1,024)
    time      =     2 sec
    timeout   =     5 sec
tcp_lat:
    latency   =  33.5 us
    msg_size  =     2 KiB (2,048)
    time      =     2 sec
    timeout   =     5 sec
tcp_lat:
    latency   =  121 us
    msg_size  =    4 KiB (4,096)
    time      =    2 sec
    timeout   =    5 sec
tcp_lat:
    latency   =  119 us
    msg_size  =    8 KiB (8,192)
    time      =    2 sec
    timeout   =    5 sec
tcp_lat:
    latency   =  57.2 us
    msg_size  =    16 KiB (16,384)
    time      =     2 sec
    timeout   =     5 sec
tcp_lat:
    latency   =  68.6 us
    msg_size  =    32 KiB (32,768)
    time      =     2 sec
    timeout   =     5 sec
tcp_lat:
    latency   =  88.7 us
    msg_size  =    64 KiB (65,536)
    time      =     2 sec
    timeout   =     5 sec
