udp_lat:
    latency   =  12.7 us
    msg_size  =     1 bytes
    time      =     2 sec
    timeout   =     5 sec
udp_lat:
    latency   =  10.5 us
    msg_size  =     2 bytes
    time      =     2 sec
    timeout   =     5 sec
udp_lat:
    latency   =  12.8 us
    msg_size  =     4 bytes
    time      =     2 sec
    timeout   =     5 sec
udp_lat:
    latency   =  9.8 us
    msg_size  =    8 bytes
    time      =    2 sec
    timeout   =    5 sec
udp_lat:
    latency   =  10.8 us
    msg_size  =    16 bytes
    time      =     2 sec
    timeout   =     5 sec
udp_lat:
    latency   =  10.7 us
    msg_size  =    32 bytes
    time      =     2 sec
    timeout   =     5 sec
udp_lat:
    latency   =  10.6 us
    msg_size  =    64 bytes
    time      =     2 sec
    timeout   =     5 sec
udp_lat:
    latency   =  9.34 us
    msg_size  =   128 bytes
    time      =     2 sec
    timeout   =     5 sec
udp_lat:
    latency   =  12.2 us
    msg_size  =   256 bytes
    time      =     2 sec
    timeout   =     5 sec
udp_lat:
    latency   =  16.5 us
    msg_size  =   512 bytes
    time      =     2 sec
    timeout   =     5 sec
udp_lat:
    latency   =  22.4 us
    msg_size  =     1 KiB (1,024)
    time      =     2 sec
    timeout   =     5 sec
udp_lat:
    latency   =  36.9 us
    msg_size  =     2 KiB (2,048)
    time      =     2 sec
    timeout   =     5 sec
udp_lat:
    latency   =  44.6 us
    msg_size  =     4 KiB (4,096)
    time      =     2 sec
    timeout   =     5 sec
udp_lat:
    latency   =  57.7 us
    msg_size  =     8 KiB (8,192)
    time      =     2 sec
    timeout   =     5 sec
udp_lat:
    latency   =  62.9 us
    msg_size  =    16 KiB (16,384)
    time      =     2 sec
    timeout   =     5 sec
udp_lat:
    latency   =  80.2 us
    msg_size  =    32 KiB (32,768)
    time      =     2 sec
    timeout   =     5 sec
udp_lat:
    latency   =   0 ns
    msg_size  =  64 KiB (65,536)
    time      =   2 sec
    timeout   =   5 sec
