udp_bw:
    send_bw   =  7.83 Mb/sec
    recv_bw   =  7.83 Mb/sec
    msg_size  =     1 bytes
    time      =     2 sec
    timeout   =     5 sec
udp_bw:
    send_bw   =  15.5 Mb/sec
    recv_bw   =  15.3 Mb/sec
    msg_size  =     2 bytes
    time      =     2 sec
    timeout   =     5 sec
udp_bw:
    send_bw   =  31.3 Mb/sec
    recv_bw   =  31.3 Mb/sec
    msg_size  =     4 bytes
    time      =     2 sec
    timeout   =     5 sec
udp_bw:
    send_bw   =  48.7 Mb/sec
    recv_bw   =  48.7 Mb/sec
    msg_size  =     8 bytes
    time      =     2 sec
    timeout   =     5 sec
udp_bw:
    send_bw   =  129 Mb/sec
    recv_bw   =  129 Mb/sec
    msg_size  =   16 bytes
    time      =    2 sec
    timeout   =    5 sec
udp_bw:
    send_bw   =  261 Mb/sec
    recv_bw   =  261 Mb/sec
    msg_size  =   32 bytes
    time      =    2 sec
    timeout   =    5 sec
udp_bw:
    send_bw   =  516 Mb/sec
    recv_bw   =  493 Mb/sec
    msg_size  =   64 bytes
    time      =    2 sec
    timeout   =    5 sec
udp_bw:
    send_bw   =  1.03 Gb/sec
    recv_bw   =  1.03 Gb/sec
    msg_size  =   128 bytes
    time      =     2 sec
    timeout   =     5 sec
udp_bw:
    send_bw   =  2.01 Gb/sec
    recv_bw   =  2.01 Gb/sec
    msg_size  =   256 bytes
    time      =     2 sec
    timeout   =     5 sec
udp_bw:
    send_bw   =  4.06 Gb/sec
    recv_bw   =  4.02 Gb/sec
    msg_size  =   512 bytes
    time      =     2 sec
    timeout   =     5 sec
udp_bw:
    send_bw   =  5.86 Gb/sec
    recv_bw   =  5.76 Gb/sec
    msg_size  =     1 KiB (1,024)
    time      =     2 sec
    timeout   =     5 sec
udp_bw:
    send_bw   =   10 Gb/sec
    recv_bw   =  9.5 Gb/sec
    msg_size  =    2 KiB (2,048)
    time      =    2 sec
    timeout   =    5 sec
udp_bw:
    send_bw   =  10.2 Gb/sec
    recv_bw   =  10.2 Gb/sec
    msg_size  =     4 KiB (4,096)
    time      =     2 sec
    timeout   =     5 sec
udp_bw:
    send_bw   =  10.3 Gb/sec
    recv_bw   =  10.3 Gb/sec
    msg_size  =     8 KiB (8,192)
    time      =     2 sec
    timeout   =     5 sec
udp_bw:
    send_bw   =    18 Gb/sec
    recv_bw   =  13.6 Gb/sec
    msg_size  =    16 KiB (16,384)
    time      =     2 sec
    timeout   =     5 sec
udp_bw:
    send_bw   =  19.4 Gb/sec
    recv_bw   =  16.4 Gb/sec
    msg_size  =    32 KiB (32,768)
    time      =     2 sec
    timeout   =     5 sec
udp_bw:
    send_bw   =   0 bits/sec
    recv_bw   =   0 bits/sec
    msg_size  =  64 KiB (65,536)
    time      =   2 sec
    timeout   =   5 sec
